<?xml version="1.0" encoding="UTF-8"?>
<!-- Generated by org.testng.reporters.JUnitXMLReporter -->
<testsuite ignored="0" hostname="DELL" failures="1" tests="1" name="Test3" time="12.585" errors="0" timestamp="2022-12-25T15:59:16 IST">
  <testcase classname="com.inetbanking.testcases.LoginTest" name="loginTest" time="11.23">
    <failure type="java.lang.AssertionError" message="null">
      <![CDATA[java.lang.AssertionError: null
at com.inetbanking.testcases.LoginTest.loginTest(LoginTest.java:23)
at java.base/java.util.ArrayList.forEach(ArrayList.java:1541)
... Removed 29 stack frames]]>
    </failure>
  </testcase> <!-- loginTest -->
</testsuite> <!-- Test3 -->
