<?xml version="1.0" encoding="UTF-8"?>
<!-- Generated by org.testng.reporters.JUnitXMLReporter -->
<testsuite ignored="0" hostname="DELL" failures="6" tests="6" name="Test1" time="64.131" errors="0" timestamp="2022-12-27T17:41:20 IST">
  <testcase classname="com.inetbanking.testcases.LoginTestwithmultipledata" name="loginDDT" time="10.967">
    <failure type="java.nio.file.AccessDeniedException" message="C:\Users\91910\AppData\Local\Temp\screenshot16164882456243902512.png -&amp;gt; C:\Users\91910\eclipse-workspace\Seleniumfw_Pavansir\src\test\resources\Screenshots\logintest.png">
      <![CDATA[java.nio.file.AccessDeniedException: C:\Users\91910\AppData\Local\Temp\screenshot16164882456243902512.png -> C:\Users\91910\eclipse-workspace\Seleniumfw_Pavansir\src\test\resources\Screenshots\logintest.png
at java.base/sun.nio.fs.WindowsException.translateToIOException(WindowsException.java:89)
at java.base/sun.nio.fs.WindowsException.rethrowAsIOException(WindowsException.java:103)
at java.base/sun.nio.fs.WindowsFileCopy.copy(WindowsFileCopy.java:202)
at java.base/sun.nio.fs.WindowsFileSystemProvider.copy(WindowsFileSystemProvider.java:283)
at java.base/java.nio.file.Files.copy(Files.java:1295)
at org.apache.commons.io.FileUtils.copyFile(FileUtils.java:850)
at org.apache.commons.io.FileUtils.copyFile(FileUtils.java:756)
at com.inetbanking.testcases.BaseClass.captureScreenshost(BaseClass.java:61)
at com.inetbanking.testcases.LoginTestwithmultipledata.loginDDT(LoginTestwithmultipledata.java:22)
at java.base/java.util.ArrayList.forEach(ArrayList.java:1541)
... Removed 30 stack frames]]>
    </failure>
  </testcase> <!-- loginDDT -->
  <testcase classname="com.inetbanking.testcases.LoginTestwithmultipledata" name="loginDDT" time="7.47">
    <failure type="java.nio.file.AccessDeniedException" message="C:\Users\91910\AppData\Local\Temp\screenshot3643001720539123711.png -&amp;gt; C:\Users\91910\eclipse-workspace\Seleniumfw_Pavansir\src\test\resources\Screenshots\logintest.png">
      <![CDATA[java.nio.file.AccessDeniedException: C:\Users\91910\AppData\Local\Temp\screenshot3643001720539123711.png -> C:\Users\91910\eclipse-workspace\Seleniumfw_Pavansir\src\test\resources\Screenshots\logintest.png
at java.base/sun.nio.fs.WindowsException.translateToIOException(WindowsException.java:89)
at java.base/sun.nio.fs.WindowsException.rethrowAsIOException(WindowsException.java:103)
at java.base/sun.nio.fs.WindowsFileCopy.copy(WindowsFileCopy.java:202)
at java.base/sun.nio.fs.WindowsFileSystemProvider.copy(WindowsFileSystemProvider.java:283)
at java.base/java.nio.file.Files.copy(Files.java:1295)
at org.apache.commons.io.FileUtils.copyFile(FileUtils.java:850)
at org.apache.commons.io.FileUtils.copyFile(FileUtils.java:756)
at com.inetbanking.testcases.BaseClass.captureScreenshost(BaseClass.java:61)
at com.inetbanking.testcases.LoginTestwithmultipledata.loginDDT(LoginTestwithmultipledata.java:22)
at java.base/java.util.ArrayList.forEach(ArrayList.java:1541)
... Removed 30 stack frames]]>
    </failure>
  </testcase> <!-- loginDDT -->
  <testcase classname="com.inetbanking.testcases.LoginTest" name="loginTest" time="13.121">
    <failure type="java.nio.file.AccessDeniedException" message="C:\Users\91910\AppData\Local\Temp\screenshot7208657966584134390.png -&amp;gt; C:\Users\91910\eclipse-workspace\Seleniumfw_Pavansir\src\test\resources\Screenshots\logintest.png">
      <![CDATA[java.nio.file.AccessDeniedException: C:\Users\91910\AppData\Local\Temp\screenshot7208657966584134390.png -> C:\Users\91910\eclipse-workspace\Seleniumfw_Pavansir\src\test\resources\Screenshots\logintest.png
at java.base/sun.nio.fs.WindowsException.translateToIOException(WindowsException.java:89)
at java.base/sun.nio.fs.WindowsException.rethrowAsIOException(WindowsException.java:103)
at java.base/sun.nio.fs.WindowsFileCopy.copy(WindowsFileCopy.java:202)
at java.base/sun.nio.fs.WindowsFileSystemProvider.copy(WindowsFileSystemProvider.java:283)
at java.base/java.nio.file.Files.copy(Files.java:1295)
at org.apache.commons.io.FileUtils.copyFile(FileUtils.java:850)
at org.apache.commons.io.FileUtils.copyFile(FileUtils.java:756)
at com.inetbanking.testcases.BaseClass.captureScreenshost(BaseClass.java:61)
at com.inetbanking.testcases.LoginTest.loginTest(LoginTest.java:22)
at java.base/java.util.ArrayList.forEach(ArrayList.java:1541)
... Removed 30 stack frames]]>
    </failure>
  </testcase> <!-- loginTest -->
  <testcase classname="com.inetbanking.testcases.HomePageTest" name="verifyHomePage" time="10.869">
    <failure type="java.nio.file.AccessDeniedException" message="C:\Users\91910\AppData\Local\Temp\screenshot11053590355032751604.png -&amp;gt; C:\Users\91910\eclipse-workspace\Seleniumfw_Pavansir\src\test\resources\Screenshots\logintest.png">
      <![CDATA[java.nio.file.AccessDeniedException: C:\Users\91910\AppData\Local\Temp\screenshot11053590355032751604.png -> C:\Users\91910\eclipse-workspace\Seleniumfw_Pavansir\src\test\resources\Screenshots\logintest.png
at java.base/sun.nio.fs.WindowsException.translateToIOException(WindowsException.java:89)
at java.base/sun.nio.fs.WindowsException.rethrowAsIOException(WindowsException.java:103)
at java.base/sun.nio.fs.WindowsFileCopy.copy(WindowsFileCopy.java:202)
at java.base/sun.nio.fs.WindowsFileSystemProvider.copy(WindowsFileSystemProvider.java:283)
at java.base/java.nio.file.Files.copy(Files.java:1295)
at org.apache.commons.io.FileUtils.copyFile(FileUtils.java:850)
at org.apache.commons.io.FileUtils.copyFile(FileUtils.java:756)
at com.inetbanking.testcases.BaseClass.captureScreenshost(BaseClass.java:61)
at com.inetbanking.testcases.HomePageTest.verifyHomePage(HomePageTest.java:24)
at java.base/java.util.ArrayList.forEach(ArrayList.java:1541)
... Removed 30 stack frames]]>
    </failure>
  </testcase> <!-- verifyHomePage -->
  <testcase classname="com.inetbanking.testcases.HomePageTest" name="verifyhomPage" time="7.253">
    <failure type="java.nio.file.AccessDeniedException" message="C:\Users\91910\AppData\Local\Temp\screenshot14783268795078070978.png -&amp;gt; C:\Users\91910\eclipse-workspace\Seleniumfw_Pavansir\src\test\resources\Screenshots\logintest.png">
      <![CDATA[java.nio.file.AccessDeniedException: C:\Users\91910\AppData\Local\Temp\screenshot14783268795078070978.png -> C:\Users\91910\eclipse-workspace\Seleniumfw_Pavansir\src\test\resources\Screenshots\logintest.png
at java.base/sun.nio.fs.WindowsException.translateToIOException(WindowsException.java:89)
at java.base/sun.nio.fs.WindowsException.rethrowAsIOException(WindowsException.java:103)
at java.base/sun.nio.fs.WindowsFileCopy.copy(WindowsFileCopy.java:202)
at java.base/sun.nio.fs.WindowsFileSystemProvider.copy(WindowsFileSystemProvider.java:283)
at java.base/java.nio.file.Files.copy(Files.java:1295)
at org.apache.commons.io.FileUtils.copyFile(FileUtils.java:850)
at org.apache.commons.io.FileUtils.copyFile(FileUtils.java:756)
at com.inetbanking.testcases.BaseClass.captureScreenshost(BaseClass.java:61)
at com.inetbanking.testcases.HomePageTest.verifyhomPage(HomePageTest.java:44)
at java.base/java.util.ArrayList.forEach(ArrayList.java:1541)
... Removed 30 stack frames]]>
    </failure>
  </testcase> <!-- verifyhomPage -->
  <testcase classname="com.inetbanking.testcases.HomePageTest" name="verifyhomPage1" time="7.172">
    <failure type="java.nio.file.AccessDeniedException" message="C:\Users\91910\AppData\Local\Temp\screenshot6287624569279457423.png -&amp;gt; C:\Users\91910\eclipse-workspace\Seleniumfw_Pavansir\src\test\resources\Screenshots\logintest.png">
      <![CDATA[java.nio.file.AccessDeniedException: C:\Users\91910\AppData\Local\Temp\screenshot6287624569279457423.png -> C:\Users\91910\eclipse-workspace\Seleniumfw_Pavansir\src\test\resources\Screenshots\logintest.png
at java.base/sun.nio.fs.WindowsException.translateToIOException(WindowsException.java:89)
at java.base/sun.nio.fs.WindowsException.rethrowAsIOException(WindowsException.java:103)
at java.base/sun.nio.fs.WindowsFileCopy.copy(WindowsFileCopy.java:202)
at java.base/sun.nio.fs.WindowsFileSystemProvider.copy(WindowsFileSystemProvider.java:283)
at java.base/java.nio.file.Files.copy(Files.java:1295)
at org.apache.commons.io.FileUtils.copyFile(FileUtils.java:850)
at org.apache.commons.io.FileUtils.copyFile(FileUtils.java:756)
at com.inetbanking.testcases.BaseClass.captureScreenshost(BaseClass.java:61)
at com.inetbanking.testcases.HomePageTest.verifyhomPage1(HomePageTest.java:62)
at java.base/java.util.ArrayList.forEach(ArrayList.java:1541)
... Removed 30 stack frames]]>
    </failure>
  </testcase> <!-- verifyhomPage1 -->
</testsuite> <!-- Test1 -->
