<?xml version="1.0" encoding="UTF-8"?>
<!-- Generated by org.testng.reporters.JUnitXMLReporter -->
<testsuite ignored="0" hostname="DELL" failures="6" tests="6" name="Test2" time="62.368" errors="0" timestamp="2022-12-27T17:42:23 IST">
  <testcase classname="com.inetbanking.testcases.LoginTestwithmultipledata" name="loginDDT" time="11.028">
    <failure type="java.nio.file.AccessDeniedException" message="C:\Users\91910\AppData\Local\Temp\screenshot1751896326568481067.png -&amp;gt; C:\Users\91910\eclipse-workspace\Seleniumfw_Pavansir\src\test\resources\Screenshots\logintest.png">
      <![CDATA[java.nio.file.AccessDeniedException: C:\Users\91910\AppData\Local\Temp\screenshot1751896326568481067.png -> C:\Users\91910\eclipse-workspace\Seleniumfw_Pavansir\src\test\resources\Screenshots\logintest.png
at java.base/sun.nio.fs.WindowsException.translateToIOException(WindowsException.java:89)
at java.base/sun.nio.fs.WindowsException.rethrowAsIOException(WindowsException.java:103)
at java.base/sun.nio.fs.WindowsFileCopy.copy(WindowsFileCopy.java:202)
at java.base/sun.nio.fs.WindowsFileSystemProvider.copy(WindowsFileSystemProvider.java:283)
at java.base/java.nio.file.Files.copy(Files.java:1295)
at org.apache.commons.io.FileUtils.copyFile(FileUtils.java:850)
at org.apache.commons.io.FileUtils.copyFile(FileUtils.java:756)
at com.inetbanking.testcases.BaseClass.captureScreenshost(BaseClass.java:61)
at com.inetbanking.testcases.LoginTestwithmultipledata.loginDDT(LoginTestwithmultipledata.java:22)
at java.base/java.util.ArrayList.forEach(ArrayList.java:1541)
... Removed 30 stack frames]]>
    </failure>
  </testcase> <!-- loginDDT -->
  <testcase classname="com.inetbanking.testcases.LoginTestwithmultipledata" name="loginDDT" time="7.023">
    <failure type="java.nio.file.AccessDeniedException" message="C:\Users\91910\AppData\Local\Temp\screenshot6706315564168496200.png -&amp;gt; C:\Users\91910\eclipse-workspace\Seleniumfw_Pavansir\src\test\resources\Screenshots\logintest.png">
      <![CDATA[java.nio.file.AccessDeniedException: C:\Users\91910\AppData\Local\Temp\screenshot6706315564168496200.png -> C:\Users\91910\eclipse-workspace\Seleniumfw_Pavansir\src\test\resources\Screenshots\logintest.png
at java.base/sun.nio.fs.WindowsException.translateToIOException(WindowsException.java:89)
at java.base/sun.nio.fs.WindowsException.rethrowAsIOException(WindowsException.java:103)
at java.base/sun.nio.fs.WindowsFileCopy.copy(WindowsFileCopy.java:202)
at java.base/sun.nio.fs.WindowsFileSystemProvider.copy(WindowsFileSystemProvider.java:283)
at java.base/java.nio.file.Files.copy(Files.java:1295)
at org.apache.commons.io.FileUtils.copyFile(FileUtils.java:850)
at org.apache.commons.io.FileUtils.copyFile(FileUtils.java:756)
at com.inetbanking.testcases.BaseClass.captureScreenshost(BaseClass.java:61)
at com.inetbanking.testcases.LoginTestwithmultipledata.loginDDT(LoginTestwithmultipledata.java:22)
at java.base/java.util.ArrayList.forEach(ArrayList.java:1541)
... Removed 30 stack frames]]>
    </failure>
  </testcase> <!-- loginDDT -->
  <testcase classname="com.inetbanking.testcases.LoginTest" name="loginTest" time="13.656">
    <failure type="java.nio.file.AccessDeniedException" message="C:\Users\91910\AppData\Local\Temp\screenshot5223538405872093052.png -&amp;gt; C:\Users\91910\eclipse-workspace\Seleniumfw_Pavansir\src\test\resources\Screenshots\logintest.png">
      <![CDATA[java.nio.file.AccessDeniedException: C:\Users\91910\AppData\Local\Temp\screenshot5223538405872093052.png -> C:\Users\91910\eclipse-workspace\Seleniumfw_Pavansir\src\test\resources\Screenshots\logintest.png
at java.base/sun.nio.fs.WindowsException.translateToIOException(WindowsException.java:89)
at java.base/sun.nio.fs.WindowsException.rethrowAsIOException(WindowsException.java:103)
at java.base/sun.nio.fs.WindowsFileCopy.copy(WindowsFileCopy.java:202)
at java.base/sun.nio.fs.WindowsFileSystemProvider.copy(WindowsFileSystemProvider.java:283)
at java.base/java.nio.file.Files.copy(Files.java:1295)
at org.apache.commons.io.FileUtils.copyFile(FileUtils.java:850)
at org.apache.commons.io.FileUtils.copyFile(FileUtils.java:756)
at com.inetbanking.testcases.BaseClass.captureScreenshost(BaseClass.java:61)
at com.inetbanking.testcases.LoginTest.loginTest(LoginTest.java:22)
at java.base/java.util.ArrayList.forEach(ArrayList.java:1541)
... Removed 30 stack frames]]>
    </failure>
  </testcase> <!-- loginTest -->
  <testcase classname="com.inetbanking.testcases.HomePageTest" name="verifyHomePage" time="11.597">
    <failure type="java.nio.file.AccessDeniedException" message="C:\Users\91910\AppData\Local\Temp\screenshot17249694294720004697.png -&amp;gt; C:\Users\91910\eclipse-workspace\Seleniumfw_Pavansir\src\test\resources\Screenshots\logintest.png">
      <![CDATA[java.nio.file.AccessDeniedException: C:\Users\91910\AppData\Local\Temp\screenshot17249694294720004697.png -> C:\Users\91910\eclipse-workspace\Seleniumfw_Pavansir\src\test\resources\Screenshots\logintest.png
at java.base/sun.nio.fs.WindowsException.translateToIOException(WindowsException.java:89)
at java.base/sun.nio.fs.WindowsException.rethrowAsIOException(WindowsException.java:103)
at java.base/sun.nio.fs.WindowsFileCopy.copy(WindowsFileCopy.java:202)
at java.base/sun.nio.fs.WindowsFileSystemProvider.copy(WindowsFileSystemProvider.java:283)
at java.base/java.nio.file.Files.copy(Files.java:1295)
at org.apache.commons.io.FileUtils.copyFile(FileUtils.java:850)
at org.apache.commons.io.FileUtils.copyFile(FileUtils.java:756)
at com.inetbanking.testcases.BaseClass.captureScreenshost(BaseClass.java:61)
at com.inetbanking.testcases.HomePageTest.verifyHomePage(HomePageTest.java:24)
at java.base/java.util.ArrayList.forEach(ArrayList.java:1541)
... Removed 30 stack frames]]>
    </failure>
  </testcase> <!-- verifyHomePage -->
  <testcase classname="com.inetbanking.testcases.HomePageTest" name="verifyhomPage" time="7.443">
    <failure type="java.nio.file.AccessDeniedException" message="C:\Users\91910\AppData\Local\Temp\screenshot12929904319026816715.png -&amp;gt; C:\Users\91910\eclipse-workspace\Seleniumfw_Pavansir\src\test\resources\Screenshots\logintest.png">
      <![CDATA[java.nio.file.AccessDeniedException: C:\Users\91910\AppData\Local\Temp\screenshot12929904319026816715.png -> C:\Users\91910\eclipse-workspace\Seleniumfw_Pavansir\src\test\resources\Screenshots\logintest.png
at java.base/sun.nio.fs.WindowsException.translateToIOException(WindowsException.java:89)
at java.base/sun.nio.fs.WindowsException.rethrowAsIOException(WindowsException.java:103)
at java.base/sun.nio.fs.WindowsFileCopy.copy(WindowsFileCopy.java:202)
at java.base/sun.nio.fs.WindowsFileSystemProvider.copy(WindowsFileSystemProvider.java:283)
at java.base/java.nio.file.Files.copy(Files.java:1295)
at org.apache.commons.io.FileUtils.copyFile(FileUtils.java:850)
at org.apache.commons.io.FileUtils.copyFile(FileUtils.java:756)
at com.inetbanking.testcases.BaseClass.captureScreenshost(BaseClass.java:61)
at com.inetbanking.testcases.HomePageTest.verifyhomPage(HomePageTest.java:44)
at java.base/java.util.ArrayList.forEach(ArrayList.java:1541)
... Removed 30 stack frames]]>
    </failure>
  </testcase> <!-- verifyhomPage -->
  <testcase classname="com.inetbanking.testcases.HomePageTest" name="verifyhomPage1" time="8.145">
    <failure type="java.nio.file.AccessDeniedException" message="C:\Users\91910\AppData\Local\Temp\screenshot5651386767654002383.png -&amp;gt; C:\Users\91910\eclipse-workspace\Seleniumfw_Pavansir\src\test\resources\Screenshots\logintest.png">
      <![CDATA[java.nio.file.AccessDeniedException: C:\Users\91910\AppData\Local\Temp\screenshot5651386767654002383.png -> C:\Users\91910\eclipse-workspace\Seleniumfw_Pavansir\src\test\resources\Screenshots\logintest.png
at java.base/sun.nio.fs.WindowsException.translateToIOException(WindowsException.java:89)
at java.base/sun.nio.fs.WindowsException.rethrowAsIOException(WindowsException.java:103)
at java.base/sun.nio.fs.WindowsFileCopy.copy(WindowsFileCopy.java:202)
at java.base/sun.nio.fs.WindowsFileSystemProvider.copy(WindowsFileSystemProvider.java:283)
at java.base/java.nio.file.Files.copy(Files.java:1295)
at org.apache.commons.io.FileUtils.copyFile(FileUtils.java:850)
at org.apache.commons.io.FileUtils.copyFile(FileUtils.java:756)
at com.inetbanking.testcases.BaseClass.captureScreenshost(BaseClass.java:61)
at com.inetbanking.testcases.HomePageTest.verifyhomPage1(HomePageTest.java:62)
at java.base/java.util.ArrayList.forEach(ArrayList.java:1541)
... Removed 30 stack frames]]>
    </failure>
  </testcase> <!-- verifyhomPage1 -->
</testsuite> <!-- Test2 -->
