<?xml version="1.0" encoding="UTF-8"?>
<testsuite name="TestSuite" time="49.401" tests="12" errors="0" skipped="0" failures="12">
  <properties>
[...]
</properties>
  <testcase name="loginDDT" classname="com.inetbanking.testcases.LoginTestwithmultipledata" time="10.984">
    <failure message="C:\Users\91910\AppData\Local\Temp\screenshot16164882456243902512.png -&gt; C:\Users\91910\eclipse-workspace\Seleniumfw_Pavansir\src\test\resources\Screenshots\logintest.png" type="java.nio.file.AccessDeniedException">java.nio.file.AccessDeniedException: C:\Users\91910\AppData\Local\Temp\screenshot16164882456243902512.png -> C:\Users\91910\eclipse-workspace\Seleniumfw_Pavansir\src\test\resources\Screenshots\logintest.png
	at java.base/sun.nio.fs.WindowsException.translateToIOException(WindowsException.java:89)
	at java.base/sun.nio.fs.WindowsException.rethrowAsIOException(WindowsException.java:103)
	at java.base/sun.nio.fs.WindowsFileCopy.copy(WindowsFileCopy.java:202)
	at java.base/sun.nio.fs.WindowsFileSystemProvider.copy(WindowsFileSystemProvider.java:283)
	at java.base/java.nio.file.Files.copy(Files.java:1295)
	at org.apache.commons.io.FileUtils.copyFile(FileUtils.java:850)
	at org.apache.commons.io.FileUtils.copyFile(FileUtils.java:756)
	at com.inetbanking.testcases.BaseClass.captureScreenshost(BaseClass.java:61)
	at com.inetbanking.testcases.LoginTestwithmultipledata.loginDDT(LoginTestwithmultipledata.java:22)
</failure>
    <system-out><![CDATA[TestReport1970-01-01-05-30.html
2
2
deep
test@1234
deepth
user@123
title is
loginDDT1970-30-01-05-00.png
]]></system-out>
    <system-err><![CDATA[SLF4J: Failed to load class "org.slf4j.impl.StaticLoggerBinder".
SLF4J: Defaulting to no-operation (NOP) logger implementation
SLF4J: See http://www.slf4j.org/codes.html#StaticLoggerBinder for further details.
ERROR StatusLogger Log4j2 could not find a logging implementation. Please add log4j-core to the classpath. Using SimpleLogger to log to the console...
Starting Microsoft Edge WebDriver 108.0.1462.54 (c2998c8c661724d797c22f48cf555a2bef5029ee) on port 47290
To submit feedback, report a bug, or suggest new features, please visit https://github.com/MicrosoftEdge/EdgeWebDriver

Only local connections are allowed.
Please see https://aka.ms/WebDriverSecurity for suggestions on keeping Microsoft Edge WebDriver safe.

Microsoft Edge WebDriver was started successfully.
Dec 27, 2022 5:40:19 PM org.openqa.selenium.devtools.CdpVersionFinder findNearestMatch
WARNING: Unable to find an exact match for CDP version 108, so returning the closest version found: 107
]]></system-err>
  </testcase>
  <testcase name="loginDDT" classname="com.inetbanking.testcases.LoginTestwithmultipledata" time="7.468">
    <failure message="C:\Users\91910\AppData\Local\Temp\screenshot3643001720539123711.png -&gt; C:\Users\91910\eclipse-workspace\Seleniumfw_Pavansir\src\test\resources\Screenshots\logintest.png" type="java.nio.file.AccessDeniedException">java.nio.file.AccessDeniedException: C:\Users\91910\AppData\Local\Temp\screenshot3643001720539123711.png -> C:\Users\91910\eclipse-workspace\Seleniumfw_Pavansir\src\test\resources\Screenshots\logintest.png
	at java.base/sun.nio.fs.WindowsException.translateToIOException(WindowsException.java:89)
	at java.base/sun.nio.fs.WindowsException.rethrowAsIOException(WindowsException.java:103)
	at java.base/sun.nio.fs.WindowsFileCopy.copy(WindowsFileCopy.java:202)
	at java.base/sun.nio.fs.WindowsFileSystemProvider.copy(WindowsFileSystemProvider.java:283)
	at java.base/java.nio.file.Files.copy(Files.java:1295)
	at org.apache.commons.io.FileUtils.copyFile(FileUtils.java:850)
	at org.apache.commons.io.FileUtils.copyFile(FileUtils.java:756)
	at com.inetbanking.testcases.BaseClass.captureScreenshost(BaseClass.java:61)
	at com.inetbanking.testcases.LoginTestwithmultipledata.loginDDT(LoginTestwithmultipledata.java:22)
</failure>
    <system-out><![CDATA[title is
loginDDT1970-30-01-05-00.png
]]></system-out>
  </testcase>
  <testcase name="loginDDT" classname="com.inetbanking.testcases.LoginTestwithmultipledata" time="11.03">
    <failure message="C:\Users\91910\AppData\Local\Temp\screenshot1751896326568481067.png -&gt; C:\Users\91910\eclipse-workspace\Seleniumfw_Pavansir\src\test\resources\Screenshots\logintest.png" type="java.nio.file.AccessDeniedException">java.nio.file.AccessDeniedException: C:\Users\91910\AppData\Local\Temp\screenshot1751896326568481067.png -> C:\Users\91910\eclipse-workspace\Seleniumfw_Pavansir\src\test\resources\Screenshots\logintest.png
	at java.base/sun.nio.fs.WindowsException.translateToIOException(WindowsException.java:89)
	at java.base/sun.nio.fs.WindowsException.rethrowAsIOException(WindowsException.java:103)
	at java.base/sun.nio.fs.WindowsFileCopy.copy(WindowsFileCopy.java:202)
	at java.base/sun.nio.fs.WindowsFileSystemProvider.copy(WindowsFileSystemProvider.java:283)
	at java.base/java.nio.file.Files.copy(Files.java:1295)
	at org.apache.commons.io.FileUtils.copyFile(FileUtils.java:850)
	at org.apache.commons.io.FileUtils.copyFile(FileUtils.java:756)
	at com.inetbanking.testcases.BaseClass.captureScreenshost(BaseClass.java:61)
	at com.inetbanking.testcases.LoginTestwithmultipledata.loginDDT(LoginTestwithmultipledata.java:22)
</failure>
    <system-out><![CDATA[TestReport1970-01-01-05-30.html
2
2
deep
test@1234
deepth
user@123
title is
loginDDT1970-30-01-05-00.png
]]></system-out>
    <system-err><![CDATA[Starting ChromeDriver 108.0.5359.71 (1e0e3868ee06e91ad636a874420e3ca3ae3756ac-refs/branch-heads/5359@{#1016}) on port 29958
Only local connections are allowed.
Please see https://chromedriver.chromium.org/security-considerations for suggestions on keeping ChromeDriver safe.
ChromeDriver was started successfully.
Dec 27, 2022 5:41:21 PM org.openqa.selenium.devtools.CdpVersionFinder findNearestMatch
WARNING: Unable to find an exact match for CDP version 108, so returning the closest version found: 107
]]></system-err>
  </testcase>
  <testcase name="loginDDT" classname="com.inetbanking.testcases.LoginTestwithmultipledata" time="7.024">
    <failure message="C:\Users\91910\AppData\Local\Temp\screenshot6706315564168496200.png -&gt; C:\Users\91910\eclipse-workspace\Seleniumfw_Pavansir\src\test\resources\Screenshots\logintest.png" type="java.nio.file.AccessDeniedException">java.nio.file.AccessDeniedException: C:\Users\91910\AppData\Local\Temp\screenshot6706315564168496200.png -> C:\Users\91910\eclipse-workspace\Seleniumfw_Pavansir\src\test\resources\Screenshots\logintest.png
	at java.base/sun.nio.fs.WindowsException.translateToIOException(WindowsException.java:89)
	at java.base/sun.nio.fs.WindowsException.rethrowAsIOException(WindowsException.java:103)
	at java.base/sun.nio.fs.WindowsFileCopy.copy(WindowsFileCopy.java:202)
	at java.base/sun.nio.fs.WindowsFileSystemProvider.copy(WindowsFileSystemProvider.java:283)
	at java.base/java.nio.file.Files.copy(Files.java:1295)
	at org.apache.commons.io.FileUtils.copyFile(FileUtils.java:850)
	at org.apache.commons.io.FileUtils.copyFile(FileUtils.java:756)
	at com.inetbanking.testcases.BaseClass.captureScreenshost(BaseClass.java:61)
	at com.inetbanking.testcases.LoginTestwithmultipledata.loginDDT(LoginTestwithmultipledata.java:22)
</failure>
    <system-out><![CDATA[title is
loginDDT1970-30-01-05-00.png
]]></system-out>
  </testcase>
  <testcase name="loginTest" classname="com.inetbanking.testcases.LoginTest" time="13.121">
    <failure message="C:\Users\91910\AppData\Local\Temp\screenshot7208657966584134390.png -&gt; C:\Users\91910\eclipse-workspace\Seleniumfw_Pavansir\src\test\resources\Screenshots\logintest.png" type="java.nio.file.AccessDeniedException">java.nio.file.AccessDeniedException: C:\Users\91910\AppData\Local\Temp\screenshot7208657966584134390.png -> C:\Users\91910\eclipse-workspace\Seleniumfw_Pavansir\src\test\resources\Screenshots\logintest.png
	at java.base/sun.nio.fs.WindowsException.translateToIOException(WindowsException.java:89)
	at java.base/sun.nio.fs.WindowsException.rethrowAsIOException(WindowsException.java:103)
	at java.base/sun.nio.fs.WindowsFileCopy.copy(WindowsFileCopy.java:202)
	at java.base/sun.nio.fs.WindowsFileSystemProvider.copy(WindowsFileSystemProvider.java:283)
	at java.base/java.nio.file.Files.copy(Files.java:1295)
	at org.apache.commons.io.FileUtils.copyFile(FileUtils.java:850)
	at org.apache.commons.io.FileUtils.copyFile(FileUtils.java:756)
	at com.inetbanking.testcases.BaseClass.captureScreenshost(BaseClass.java:61)
	at com.inetbanking.testcases.LoginTest.loginTest(LoginTest.java:22)
</failure>
    <system-out><![CDATA[title is
loginTest1970-30-01-05-00.png
]]></system-out>
    <system-err><![CDATA[Starting Microsoft Edge WebDriver 108.0.1462.54 (c2998c8c661724d797c22f48cf555a2bef5029ee) on port 17569
To submit feedback, report a bug, or suggest new features, please visit https://github.com/MicrosoftEdge/EdgeWebDriver

Only local connections are allowed.
Please see https://aka.ms/WebDriverSecurity for suggestions on keeping Microsoft Edge WebDriver safe.

Microsoft Edge WebDriver was started successfully.
Dec 27, 2022 5:40:40 PM org.openqa.selenium.devtools.CdpVersionFinder findNearestMatch
WARNING: Unable to find an exact match for CDP version 108, so returning the closest version found: 107
]]></system-err>
  </testcase>
  <testcase name="loginTest" classname="com.inetbanking.testcases.LoginTest" time="13.655">
    <failure message="C:\Users\91910\AppData\Local\Temp\screenshot5223538405872093052.png -&gt; C:\Users\91910\eclipse-workspace\Seleniumfw_Pavansir\src\test\resources\Screenshots\logintest.png" type="java.nio.file.AccessDeniedException">java.nio.file.AccessDeniedException: C:\Users\91910\AppData\Local\Temp\screenshot5223538405872093052.png -> C:\Users\91910\eclipse-workspace\Seleniumfw_Pavansir\src\test\resources\Screenshots\logintest.png
	at java.base/sun.nio.fs.WindowsException.translateToIOException(WindowsException.java:89)
	at java.base/sun.nio.fs.WindowsException.rethrowAsIOException(WindowsException.java:103)
	at java.base/sun.nio.fs.WindowsFileCopy.copy(WindowsFileCopy.java:202)
	at java.base/sun.nio.fs.WindowsFileSystemProvider.copy(WindowsFileSystemProvider.java:283)
	at java.base/java.nio.file.Files.copy(Files.java:1295)
	at org.apache.commons.io.FileUtils.copyFile(FileUtils.java:850)
	at org.apache.commons.io.FileUtils.copyFile(FileUtils.java:756)
	at com.inetbanking.testcases.BaseClass.captureScreenshost(BaseClass.java:61)
	at com.inetbanking.testcases.LoginTest.loginTest(LoginTest.java:22)
</failure>
    <system-out><![CDATA[title is
loginTest1970-30-01-05-00.png
]]></system-out>
    <system-err><![CDATA[Starting ChromeDriver 108.0.5359.71 (1e0e3868ee06e91ad636a874420e3ca3ae3756ac-refs/branch-heads/5359@{#1016}) on port 30217
Only local connections are allowed.
Please see https://chromedriver.chromium.org/security-considerations for suggestions on keeping ChromeDriver safe.
ChromeDriver was started successfully.
Dec 27, 2022 5:41:41 PM org.openqa.selenium.devtools.CdpVersionFinder findNearestMatch
WARNING: Unable to find an exact match for CDP version 108, so returning the closest version found: 107
]]></system-err>
  </testcase>
  <testcase name="verifyHomePage" classname="com.inetbanking.testcases.HomePageTest" time="10.87">
    <failure message="C:\Users\91910\AppData\Local\Temp\screenshot11053590355032751604.png -&gt; C:\Users\91910\eclipse-workspace\Seleniumfw_Pavansir\src\test\resources\Screenshots\logintest.png" type="java.nio.file.AccessDeniedException">java.nio.file.AccessDeniedException: C:\Users\91910\AppData\Local\Temp\screenshot11053590355032751604.png -> C:\Users\91910\eclipse-workspace\Seleniumfw_Pavansir\src\test\resources\Screenshots\logintest.png
	at java.base/sun.nio.fs.WindowsException.translateToIOException(WindowsException.java:89)
	at java.base/sun.nio.fs.WindowsException.rethrowAsIOException(WindowsException.java:103)
	at java.base/sun.nio.fs.WindowsFileCopy.copy(WindowsFileCopy.java:202)
	at java.base/sun.nio.fs.WindowsFileSystemProvider.copy(WindowsFileSystemProvider.java:283)
	at java.base/java.nio.file.Files.copy(Files.java:1295)
	at org.apache.commons.io.FileUtils.copyFile(FileUtils.java:850)
	at org.apache.commons.io.FileUtils.copyFile(FileUtils.java:756)
	at com.inetbanking.testcases.BaseClass.captureScreenshost(BaseClass.java:61)
	at com.inetbanking.testcases.HomePageTest.verifyHomePage(HomePageTest.java:24)
</failure>
    <system-out><![CDATA[title is
verifyHomePage1970-30-01-05-00.png
]]></system-out>
    <system-err><![CDATA[Starting Microsoft Edge WebDriver 108.0.1462.54 (c2998c8c661724d797c22f48cf555a2bef5029ee) on port 10799
To submit feedback, report a bug, or suggest new features, please visit https://github.com/MicrosoftEdge/EdgeWebDriver

Only local connections are allowed.
Please see https://aka.ms/WebDriverSecurity for suggestions on keeping Microsoft Edge WebDriver safe.

Microsoft Edge WebDriver was started successfully.
Dec 27, 2022 5:40:54 PM org.openqa.selenium.devtools.CdpVersionFinder findNearestMatch
WARNING: Unable to find an exact match for CDP version 108, so returning the closest version found: 107
]]></system-err>
  </testcase>
  <testcase name="verifyHomePage" classname="com.inetbanking.testcases.HomePageTest" time="11.598">
    <failure message="C:\Users\91910\AppData\Local\Temp\screenshot17249694294720004697.png -&gt; C:\Users\91910\eclipse-workspace\Seleniumfw_Pavansir\src\test\resources\Screenshots\logintest.png" type="java.nio.file.AccessDeniedException">java.nio.file.AccessDeniedException: C:\Users\91910\AppData\Local\Temp\screenshot17249694294720004697.png -> C:\Users\91910\eclipse-workspace\Seleniumfw_Pavansir\src\test\resources\Screenshots\logintest.png
	at java.base/sun.nio.fs.WindowsException.translateToIOException(WindowsException.java:89)
	at java.base/sun.nio.fs.WindowsException.rethrowAsIOException(WindowsException.java:103)
	at java.base/sun.nio.fs.WindowsFileCopy.copy(WindowsFileCopy.java:202)
	at java.base/sun.nio.fs.WindowsFileSystemProvider.copy(WindowsFileSystemProvider.java:283)
	at java.base/java.nio.file.Files.copy(Files.java:1295)
	at org.apache.commons.io.FileUtils.copyFile(FileUtils.java:850)
	at org.apache.commons.io.FileUtils.copyFile(FileUtils.java:756)
	at com.inetbanking.testcases.BaseClass.captureScreenshost(BaseClass.java:61)
	at com.inetbanking.testcases.HomePageTest.verifyHomePage(HomePageTest.java:24)
</failure>
    <system-out><![CDATA[title is
verifyHomePage1970-30-01-05-00.png
]]></system-out>
    <system-err><![CDATA[Starting ChromeDriver 108.0.5359.71 (1e0e3868ee06e91ad636a874420e3ca3ae3756ac-refs/branch-heads/5359@{#1016}) on port 22025
Only local connections are allowed.
Please see https://chromedriver.chromium.org/security-considerations for suggestions on keeping ChromeDriver safe.
ChromeDriver was started successfully.
Dec 27, 2022 5:41:55 PM org.openqa.selenium.devtools.CdpVersionFinder findNearestMatch
WARNING: Unable to find an exact match for CDP version 108, so returning the closest version found: 107
]]></system-err>
  </testcase>
  <testcase name="verifyhomPage" classname="com.inetbanking.testcases.HomePageTest" time="7.253">
    <failure message="C:\Users\91910\AppData\Local\Temp\screenshot14783268795078070978.png -&gt; C:\Users\91910\eclipse-workspace\Seleniumfw_Pavansir\src\test\resources\Screenshots\logintest.png" type="java.nio.file.AccessDeniedException">java.nio.file.AccessDeniedException: C:\Users\91910\AppData\Local\Temp\screenshot14783268795078070978.png -> C:\Users\91910\eclipse-workspace\Seleniumfw_Pavansir\src\test\resources\Screenshots\logintest.png
	at java.base/sun.nio.fs.WindowsException.translateToIOException(WindowsException.java:89)
	at java.base/sun.nio.fs.WindowsException.rethrowAsIOException(WindowsException.java:103)
	at java.base/sun.nio.fs.WindowsFileCopy.copy(WindowsFileCopy.java:202)
	at java.base/sun.nio.fs.WindowsFileSystemProvider.copy(WindowsFileSystemProvider.java:283)
	at java.base/java.nio.file.Files.copy(Files.java:1295)
	at org.apache.commons.io.FileUtils.copyFile(FileUtils.java:850)
	at org.apache.commons.io.FileUtils.copyFile(FileUtils.java:756)
	at com.inetbanking.testcases.BaseClass.captureScreenshost(BaseClass.java:61)
	at com.inetbanking.testcases.HomePageTest.verifyhomPage(HomePageTest.java:44)
</failure>
    <system-out><![CDATA[title is
verifyhomPage1970-30-01-05-00.png
]]></system-out>
  </testcase>
  <testcase name="verifyhomPage" classname="com.inetbanking.testcases.HomePageTest" time="7.444">
    <failure message="C:\Users\91910\AppData\Local\Temp\screenshot12929904319026816715.png -&gt; C:\Users\91910\eclipse-workspace\Seleniumfw_Pavansir\src\test\resources\Screenshots\logintest.png" type="java.nio.file.AccessDeniedException">java.nio.file.AccessDeniedException: C:\Users\91910\AppData\Local\Temp\screenshot12929904319026816715.png -> C:\Users\91910\eclipse-workspace\Seleniumfw_Pavansir\src\test\resources\Screenshots\logintest.png
	at java.base/sun.nio.fs.WindowsException.translateToIOException(WindowsException.java:89)
	at java.base/sun.nio.fs.WindowsException.rethrowAsIOException(WindowsException.java:103)
	at java.base/sun.nio.fs.WindowsFileCopy.copy(WindowsFileCopy.java:202)
	at java.base/sun.nio.fs.WindowsFileSystemProvider.copy(WindowsFileSystemProvider.java:283)
	at java.base/java.nio.file.Files.copy(Files.java:1295)
	at org.apache.commons.io.FileUtils.copyFile(FileUtils.java:850)
	at org.apache.commons.io.FileUtils.copyFile(FileUtils.java:756)
	at com.inetbanking.testcases.BaseClass.captureScreenshost(BaseClass.java:61)
	at com.inetbanking.testcases.HomePageTest.verifyhomPage(HomePageTest.java:44)
</failure>
    <system-out><![CDATA[title is
verifyhomPage1970-30-01-05-00.png
]]></system-out>
  </testcase>
  <testcase name="verifyhomPage1" classname="com.inetbanking.testcases.HomePageTest" time="7.173">
    <failure message="C:\Users\91910\AppData\Local\Temp\screenshot6287624569279457423.png -&gt; C:\Users\91910\eclipse-workspace\Seleniumfw_Pavansir\src\test\resources\Screenshots\logintest.png" type="java.nio.file.AccessDeniedException">java.nio.file.AccessDeniedException: C:\Users\91910\AppData\Local\Temp\screenshot6287624569279457423.png -> C:\Users\91910\eclipse-workspace\Seleniumfw_Pavansir\src\test\resources\Screenshots\logintest.png
	at java.base/sun.nio.fs.WindowsException.translateToIOException(WindowsException.java:89)
	at java.base/sun.nio.fs.WindowsException.rethrowAsIOException(WindowsException.java:103)
	at java.base/sun.nio.fs.WindowsFileCopy.copy(WindowsFileCopy.java:202)
	at java.base/sun.nio.fs.WindowsFileSystemProvider.copy(WindowsFileSystemProvider.java:283)
	at java.base/java.nio.file.Files.copy(Files.java:1295)
	at org.apache.commons.io.FileUtils.copyFile(FileUtils.java:850)
	at org.apache.commons.io.FileUtils.copyFile(FileUtils.java:756)
	at com.inetbanking.testcases.BaseClass.captureScreenshost(BaseClass.java:61)
	at com.inetbanking.testcases.HomePageTest.verifyhomPage1(HomePageTest.java:62)
</failure>
    <system-out><![CDATA[title is
verifyhomPage11970-30-01-05-00.png
]]></system-out>
  </testcase>
  <testcase name="verifyhomPage1" classname="com.inetbanking.testcases.HomePageTest" time="8.146">
    <failure message="C:\Users\91910\AppData\Local\Temp\screenshot5651386767654002383.png -&gt; C:\Users\91910\eclipse-workspace\Seleniumfw_Pavansir\src\test\resources\Screenshots\logintest.png" type="java.nio.file.AccessDeniedException">java.nio.file.AccessDeniedException: C:\Users\91910\AppData\Local\Temp\screenshot5651386767654002383.png -> C:\Users\91910\eclipse-workspace\Seleniumfw_Pavansir\src\test\resources\Screenshots\logintest.png
	at java.base/sun.nio.fs.WindowsException.translateToIOException(WindowsException.java:89)
	at java.base/sun.nio.fs.WindowsException.rethrowAsIOException(WindowsException.java:103)
	at java.base/sun.nio.fs.WindowsFileCopy.copy(WindowsFileCopy.java:202)
	at java.base/sun.nio.fs.WindowsFileSystemProvider.copy(WindowsFileSystemProvider.java:283)
	at java.base/java.nio.file.Files.copy(Files.java:1295)
	at org.apache.commons.io.FileUtils.copyFile(FileUtils.java:850)
	at org.apache.commons.io.FileUtils.copyFile(FileUtils.java:756)
	at com.inetbanking.testcases.BaseClass.captureScreenshost(BaseClass.java:61)
	at com.inetbanking.testcases.HomePageTest.verifyhomPage1(HomePageTest.java:62)
</failure>
    <system-out><![CDATA[title is
verifyhomPage11970-30-01-05-00.png
]]></system-out>
  </testcase>
</testsuite>